<?xml version="1.0" encoding="UTF-8"?>
<!-- Generated by org.testng.reporters.JUnitXMLReporter -->
<testsuite hostname="LAPTOP-6QHL3RD4" ignored="7" name="Smoke Test" tests="2" failures="1" timestamp="18 Jun 2019 13:30:13 GMT" time="17.384" errors="0">
  <testcase name="doLogin" time="2.165" classname="com.frankbahar.testcases.LoginPageTest">
    <failure type="java.lang.AssertionError" message="expected [true] but found [false]">
      <![CDATA[java.lang.AssertionError: expected [true] but found [false]
at com.frankbahar.testcases.LoginPageTest.doLogin(LoginPageTest.java:36)
... Removed 33 stack frames]]>
    </failure>
  </testcase> <!-- doLogin -->
  <testcase name="loginToOrangeHRM" time="2.054" classname="com.frankbahar.testcases.LoginPageTest"/>
  <testcase name="addLocationTest" time="0.0" classname="com.frankbahar.testcases.AddLocationTest">
    <ignored/>
  </testcase> <!-- addLocationTest -->
  <testcase name="@AfterTest flushReport" time="0.0" classname="com.frankbahar.utils.BaseClass">
    <ignored/>
  </testcase> <!-- @AfterTest flushReport -->
  <testcase name="@AfterTest flushReport" time="0.0" classname="com.frankbahar.utils.BaseClass">
    <ignored/>
  </testcase> <!-- @AfterTest flushReport -->
  <testcase name="@BeforeTest generateReport" time="0.0" classname="com.frankbahar.utils.BaseClass">
    <ignored/>
  </testcase> <!-- @BeforeTest generateReport -->
  <testcase name="@BeforeTest generateReport" time="0.0" classname="com.frankbahar.utils.BaseClass">
    <ignored/>
  </testcase> <!-- @BeforeTest generateReport -->
  <testcase name="addEmployeeTest" time="0.0" classname="com.frankbahar.testcases.AddEmployeeTest">
    <ignored/>
  </testcase> <!-- addEmployeeTest -->
  <testcase name="invalidLogin" time="0.0" classname="com.frankbahar.testcases.LoginPageTest">
    <ignored/>
  </testcase> <!-- invalidLogin -->
</testsuite> <!-- Smoke Test -->
