<?xml version="1.0" encoding="UTF-8"?>
<testng-results skipped="0" failed="1" ignored="7" total="9" passed="1">
  <reporter-output>
  </reporter-output>
  <suite name="Smoke Suite" duration-ms="18796" started-at="2019-06-18T13:27:01Z" finished-at="2019-06-18T13:27:20Z">
    <groups>
      <group name="smoke">
        <method signature="LoginPageTest.doLogin()[pri:0, instance:com.frankbahar.testcases.LoginPageTest@e25b2fe]" name="doLogin" class="com.frankbahar.testcases.LoginPageTest"/>
        <method signature="LoginPageTest.loginToOrangeHRM()[pri:0, instance:com.frankbahar.testcases.LoginPageTest@e25b2fe]" name="loginToOrangeHRM" class="com.frankbahar.testcases.LoginPageTest"/>
      </group> <!-- smoke -->
    </groups>
    <test name="Smoke Test" duration-ms="18796" started-at="2019-06-18T13:27:01Z" finished-at="2019-06-18T13:27:20Z">
      <class name="com.frankbahar.testcases.LoginPageTest">
        <test-method status="PASS" signature="setUp()[pri:0, instance:com.frankbahar.testcases.LoginPageTest@e25b2fe]" name="setUp" is-config="true" duration-ms="5557" started-at="2019-06-18T13:27:01Z" finished-at="2019-06-18T13:27:06Z">
          <reporter-output>
          </reporter-output>
        </test-method> <!-- setUp -->
        <test-method status="FAIL" signature="doLogin()[pri:0, instance:com.frankbahar.testcases.LoginPageTest@e25b2fe]" name="doLogin" duration-ms="2693" started-at="2019-06-18T13:27:06Z" finished-at="2019-06-18T13:27:09Z">
          <exception class="java.lang.AssertionError">
            <message>
              <![CDATA[expected [true] but found [false]]]>
            </message>
            <full-stacktrace>
              <![CDATA[java.lang.AssertionError: expected [true] but found [false]
at org.testng.Assert.fail(Assert.java:96)
at org.testng.Assert.failNotEquals(Assert.java:776)
at org.testng.Assert.assertTrue(Assert.java:44)
at org.testng.Assert.assertTrue(Assert.java:54)
at com.frankbahar.testcases.LoginPageTest.doLogin(LoginPageTest.java:36)
at sun.reflect.NativeMethodAccessorImpl.invoke0(Native Method)
at sun.reflect.NativeMethodAccessorImpl.invoke(NativeMethodAccessorImpl.java:62)
at sun.reflect.DelegatingMethodAccessorImpl.invoke(DelegatingMethodAccessorImpl.java:43)
at java.lang.reflect.Method.invoke(Method.java:498)
at org.testng.internal.MethodInvocationHelper.invokeMethod(MethodInvocationHelper.java:124)
at org.testng.internal.Invoker.invokeMethod(Invoker.java:583)
at org.testng.internal.Invoker.invokeTestMethod(Invoker.java:719)
at org.testng.internal.Invoker.invokeTestMethods(Invoker.java:989)
at org.testng.internal.TestMethodWorker.invokeTestMethods(TestMethodWorker.java:125)
at org.testng.internal.TestMethodWorker.run(TestMethodWorker.java:109)
at org.testng.TestRunner.privateRun(TestRunner.java:648)
at org.testng.TestRunner.run(TestRunner.java:505)
at org.testng.SuiteRunner.runTest(SuiteRunner.java:455)
at org.testng.SuiteRunner.runSequentially(SuiteRunner.java:450)
at org.testng.SuiteRunner.privateRun(SuiteRunner.java:415)
at org.testng.SuiteRunner.run(SuiteRunner.java:364)
at org.testng.SuiteRunnerWorker.runSuite(SuiteRunnerWorker.java:52)
at org.testng.SuiteRunnerWorker.run(SuiteRunnerWorker.java:84)
at org.testng.TestNG.runSuitesSequentially(TestNG.java:1208)
at org.testng.TestNG.runSuitesLocally(TestNG.java:1137)
at org.testng.TestNG.runSuites(TestNG.java:1049)
at org.testng.TestNG.run(TestNG.java:1017)
at org.testng.remote.AbstractRemoteTestNG.run(AbstractRemoteTestNG.java:115)
at org.testng.remote.RemoteTestNG.initAndRun(RemoteTestNG.java:251)
at org.testng.remote.RemoteTestNG.main(RemoteTestNG.java:77)
]]>
            </full-stacktrace>
          </exception> <!-- java.lang.AssertionError -->
          <reporter-output>
          </reporter-output>
        </test-method> <!-- doLogin -->
        <test-method status="PASS" signature="quitDriver()[pri:0, instance:com.frankbahar.testcases.LoginPageTest@e25b2fe]" name="quitDriver" is-config="true" duration-ms="1687" started-at="2019-06-18T13:27:10Z" finished-at="2019-06-18T13:27:11Z">
          <reporter-output>
          </reporter-output>
        </test-method> <!-- quitDriver -->
        <test-method status="PASS" signature="setUp()[pri:0, instance:com.frankbahar.testcases.LoginPageTest@e25b2fe]" name="setUp" is-config="true" duration-ms="4402" started-at="2019-06-18T13:27:11Z" finished-at="2019-06-18T13:27:16Z">
          <reporter-output>
          </reporter-output>
        </test-method> <!-- setUp -->
        <test-method status="PASS" signature="loginToOrangeHRM()[pri:0, instance:com.frankbahar.testcases.LoginPageTest@e25b2fe]" name="loginToOrangeHRM" duration-ms="2010" started-at="2019-06-18T13:27:16Z" finished-at="2019-06-18T13:27:18Z">
          <reporter-output>
          </reporter-output>
        </test-method> <!-- loginToOrangeHRM -->
        <test-method status="PASS" signature="quitDriver()[pri:0, instance:com.frankbahar.testcases.LoginPageTest@e25b2fe]" name="quitDriver" is-config="true" duration-ms="1671" started-at="2019-06-18T13:27:18Z" finished-at="2019-06-18T13:27:19Z">
          <reporter-output>
          </reporter-output>
        </test-method> <!-- quitDriver -->
      </class> <!-- com.frankbahar.testcases.LoginPageTest -->
      <class name="com.frankbahar.testcases.AddEmployeeTest">
        <test-method status="PASS" signature="generateReport()[pri:0, instance:com.frankbahar.testcases.AddEmployeeTest@548e7350]" name="generateReport" is-config="true" duration-ms="126" started-at="2019-06-18T13:27:01Z" finished-at="2019-06-18T13:27:01Z">
          <reporter-output>
          </reporter-output>
        </test-method> <!-- generateReport -->
        <test-method status="PASS" signature="flushReport()[pri:0, instance:com.frankbahar.testcases.AddEmployeeTest@548e7350]" name="flushReport" is-config="true" duration-ms="234" started-at="2019-06-18T13:27:19Z" finished-at="2019-06-18T13:27:20Z">
          <reporter-output>
          </reporter-output>
        </test-method> <!-- flushReport -->
      </class> <!-- com.frankbahar.testcases.AddEmployeeTest -->
    </test> <!-- Smoke Test -->
  </suite> <!-- Smoke Suite -->
</testng-results>
